<?xml version="1.0" encoding="UTF-8"?>
<!-- Generated by org.testng.reporters.JUnitReportReporter -->
<testsuite hostname="LAPTOP-B6MQFRDE" failures="0" tests="1" name="Orgnization.Createorganization" time="5.383" errors="0" timestamp="2024-10-27T08:06:36 IST" skipped="0">
  <testcase classname="Orgnization.Createorganization" name="CreateOrgnizationTest" time="5.383"/>
</testsuite> <!-- Orgnization.Createorganization -->
