<?xml version="1.0" encoding="UTF-8"?>
<!-- Generated by org.testng.reporters.JUnitReportReporter -->
<testsuite hostname="LAPTOP-B6MQFRDE" failures="0" tests="1" name="Product.CreateProductTest" time="22.472" errors="0" timestamp="2024-11-16T14:30:50 IST" skipped="0">
  <testcase classname="Product.CreateProductTest" name="CreateProduct" time="22.472"/>
</testsuite> <!-- Product.CreateProductTest -->
