<?xml version="1.0" encoding="UTF-8"?>
<!-- Generated by org.testng.reporters.JUnitReportReporter -->
<testsuite hostname="LAPTOP-B6MQFRDE" failures="0" tests="1" name="Orgnization.CreateoOganizationTest" time="31.994" errors="0" timestamp="2024-11-12T17:52:14 IST" skipped="0">
  <testcase classname="Orgnization.CreateoOganizationTest" name="CreateOrgnizationTest" time="31.994"/>
</testsuite> <!-- Orgnization.CreateoOganizationTest -->
