<?xml version="1.0" encoding="UTF-8"?>
<!-- Generated by org.testng.reporters.JUnitReportReporter -->
<testsuite hostname="LAPTOP-B6MQFRDE" failures="0" tests="1" name="Product.CreateProductTest" time="28.196" errors="0" timestamp="2024-11-12T17:52:14 IST" skipped="0">
  <testcase classname="Product.CreateProductTest" name="CreateProduct" time="28.196"/>
</testsuite> <!-- Product.CreateProductTest -->
