<?xml version="1.0" encoding="UTF-8"?>
<!-- Generated by org.testng.reporters.JUnitReportReporter -->
<testsuite skipped="0" hostname="LAPTOP-B6MQFRDE" name="Orgnization.CreateoOganizationTest" tests="1" failures="0" timestamp="2024-11-16T08:43:56 IST" time="15.429" errors="0">
  <testcase name="CreateOrgnizationTest" time="15.429" classname="Orgnization.CreateoOganizationTest"/>
  <system-out/>
</testsuite> <!-- Orgnization.CreateoOganizationTest -->
