<?xml version="1.0" encoding="UTF-8"?>
<!-- Generated by org.testng.reporters.JUnitReportReporter -->
<testsuite skipped="0" hostname="LAPTOP-B6MQFRDE" name="Product.CreateProductTest" tests="1" failures="0" timestamp="2024-11-16T09:12:03 IST" time="11.140" errors="0">
  <testcase name="CreateProduct" time="11.140" classname="Product.CreateProductTest"/>
  <system-out/>
</testsuite> <!-- Product.CreateProductTest -->
