<?xml version="1.0" encoding="UTF-8"?>
<!-- Generated by org.testng.reporters.JUnitReportReporter -->
<testsuite skipped="0" hostname="LAPTOP-B6MQFRDE" name="Product.CreateProductTest" tests="1" failures="0" timestamp="2024-11-16T08:43:56 IST" time="10.113" errors="0">
  <testcase name="CreateProduct" time="10.113" classname="Product.CreateProductTest"/>
  <system-out/>
</testsuite> <!-- Product.CreateProductTest -->
